<?xml version="1.0" encoding="UTF-8"?>
<!-- Generated by org.testng.reporters.JUnitXMLReporter -->
<testsuite ignored="1" hostname="LAPTOP-C9I6TMT1" failures="2" tests="4" name="Test" time="27.319" errors="0" timestamp="2024-05-25T18:31:19 IST">
  <testcase classname="xpath.HomePageTest" name="addusertest" time="1.039">
    <failure type="org.testng.internal.thread.ThreadTimeoutException" message="Method xpath.HomePageTest.addusertest() didn&amp;apos;t finish within the time-out 1000">
      <![CDATA[org.testng.internal.thread.ThreadTimeoutException: Method xpath.HomePageTest.addusertest() didn't finish within the time-out 1000
at java.base/java.util.ArrayList.forEach(ArrayList.java:1596)
... Removed 24 stack frames]]>
    </failure>
  </testcase> <!-- addusertest -->
  <testcase classname="xpath.TestNG" name="dologin" time="0.016"/>
  <testcase classname="xpath.TestNG" name="addusertest" time="0.003"/>
  <testcase classname="testcases.WebTable" name="fbmessagetest" time="26.165">
    <failure type="java.lang.ClassCastException" message="class org.openqa.selenium.remote.RemoteWebElement cannot be cast to class java.util.List (org.openqa.selenium.remote.RemoteWebElement is in unnamed module of loader &amp;apos;app&amp;apos;; java.util.List is in module java.base of loader &amp;apos;bootstrap&amp;apos;)">
      <![CDATA[java.lang.ClassCastException: class org.openqa.selenium.remote.RemoteWebElement cannot be cast to class java.util.List (org.openqa.selenium.remote.RemoteWebElement is in unnamed module of loader 'app'; java.util.List is in module java.base of loader 'bootstrap')
at testcases.WebTable.fbmessagetest(WebTable.java:41)
at java.base/java.util.ArrayList.forEach(ArrayList.java:1596)
... Removed 25 stack frames]]>
    </failure>
  </testcase> <!-- fbmessagetest -->
  <testcase classname="xpath.TestNG" name="deleteusertest" time="0.0">
    <ignored/>
  </testcase> <!-- deleteusertest -->
</testsuite> <!-- Test -->
